\BOOKMARK [0][-]{chapter.1}{\376\377\0001\000\040\000r\000e\000a\000d\000m\000e}{}% 1
\BOOKMARK [0][-]{chapter.2}{\376\377\0002\000\040\004\030\004\065\004\100\004\060\004\100\004\105\004\070\004\107\004\065\004\101\004\072\004\070\004\071\000\040\004\101\004\077\004\070\004\101\004\076\004\072\000\040\004\072\004\073\004\060\004\101\004\101\004\076\004\062}{}% 2
\BOOKMARK [1][-]{section.2.1}{\376\377\0002\000.\0001\000\040\004\030\004\065\004\100\004\060\004\100\004\105\004\070\004\117\000\040\004\072\004\073\004\060\004\101\004\101\004\076\004\062}{chapter.2}% 3
\BOOKMARK [0][-]{chapter.3}{\376\377\0003\000\040\004\020\004\073\004\104\004\060\004\062\004\070\004\102\004\075\004\113\004\071\000\040\004\103\004\072\004\060\004\067\004\060\004\102\004\065\004\073\004\114\000\040\004\072\004\073\004\060\004\101\004\101\004\076\004\062}{}% 4
\BOOKMARK [1][-]{section.3.1}{\376\377\0003\000.\0001\000\040\004\032\004\073\004\060\004\101\004\101\004\113}{chapter.3}% 5
\BOOKMARK [0][-]{chapter.4}{\376\377\0004\000\040\004\041\004\077\004\070\004\101\004\076\004\072\000\040\004\104\004\060\004\071\004\073\004\076\004\062}{}% 6
\BOOKMARK [1][-]{section.4.1}{\376\377\0004\000.\0001\000\040\004\044\004\060\004\071\004\073\004\113}{chapter.4}% 7
\BOOKMARK [0][-]{chapter.5}{\376\377\0005\000\040\004\032\004\073\004\060\004\101\004\101\004\113}{}% 8
\BOOKMARK [1][-]{section.5.1}{\376\377\0005\000.\0001\000\040\004\032\004\073\004\060\004\101\004\101\000\040\000L\000C\000G}{chapter.5}% 9
\BOOKMARK [2][-]{subsection.5.1.1}{\376\377\0005\000.\0001\000.\0001\000\040\004\037\004\076\004\064\004\100\004\076\004\061\004\075\004\076\004\065\000\040\004\076\004\077\004\070\004\101\004\060\004\075\004\070\004\065}{section.5.1}% 10
\BOOKMARK [2][-]{subsection.5.1.2}{\376\377\0005\000.\0001\000.\0002\000\040\004\032\004\076\004\075\004\101\004\102\004\100\004\103\004\072\004\102\004\076\004\100\000\050\004\113\000\051}{section.5.1}% 11
\BOOKMARK [3][-]{subsubsection.5.1.2.1}{\376\377\0005\000.\0001\000.\0002\000.\0001\000\040\000L\000C\000G\000\050\000\051}{subsection.5.1.2}% 12
\BOOKMARK [2][-]{subsection.5.1.3}{\376\377\0005\000.\0001\000.\0003\000\040\004\034\004\065\004\102\004\076\004\064\004\113}{section.5.1}% 13
\BOOKMARK [3][-]{subsubsection.5.1.3.1}{\376\377\0005\000.\0001\000.\0003\000.\0001\000\040\000g\000e\000n\000e\000r\000a\000t\000e\000\050\000\051}{subsection.5.1.3}% 14
\BOOKMARK [2][-]{subsection.5.1.4}{\376\377\0005\000.\0001\000.\0004\000\040\004\024\004\060\004\075\004\075\004\113\004\065\000\040\004\072\004\073\004\060\004\101\004\101\004\060}{section.5.1}% 15
\BOOKMARK [3][-]{subsubsection.5.1.4.1}{\376\377\0005\000.\0001\000.\0004\000.\0001\000\040\000b}{subsection.5.1.4}% 16
\BOOKMARK [3][-]{subsubsection.5.1.4.2}{\376\377\0005\000.\0001\000.\0004\000.\0002\000\040\000k}{subsection.5.1.4}% 17
\BOOKMARK [3][-]{subsubsection.5.1.4.3}{\376\377\0005\000.\0001\000.\0004\000.\0003\000\040\000M}{subsection.5.1.4}% 18
\BOOKMARK [3][-]{subsubsection.5.1.4.4}{\376\377\0005\000.\0001\000.\0004\000.\0004\000\040\000s\000e\000e\000d}{subsection.5.1.4}% 19
\BOOKMARK [1][-]{section.5.2}{\376\377\0005\000.\0002\000\040\004\032\004\073\004\060\004\101\004\101\000\040\000m\000i\000d\000\137\000x\000o\000r\000\137\000P\000R\000N\000G}{chapter.5}% 20
\BOOKMARK [2][-]{subsection.5.2.1}{\376\377\0005\000.\0002\000.\0001\000\040\004\037\004\076\004\064\004\100\004\076\004\061\004\075\004\076\004\065\000\040\004\076\004\077\004\070\004\101\004\060\004\075\004\070\004\065}{section.5.2}% 21
\BOOKMARK [2][-]{subsection.5.2.2}{\376\377\0005\000.\0002\000.\0002\000\040\004\032\004\076\004\075\004\101\004\102\004\100\004\103\004\072\004\102\004\076\004\100\000\050\004\113\000\051}{section.5.2}% 22
\BOOKMARK [3][-]{subsubsection.5.2.2.1}{\376\377\0005\000.\0002\000.\0002\000.\0001\000\040\000m\000i\000d\000\137\000x\000o\000r\000\137\000P\000R\000N\000G\000\050\000\051}{subsection.5.2.2}% 23
\BOOKMARK [2][-]{subsection.5.2.3}{\376\377\0005\000.\0002\000.\0003\000\040\004\034\004\065\004\102\004\076\004\064\004\113}{section.5.2}% 24
\BOOKMARK [3][-]{subsubsection.5.2.3.1}{\376\377\0005\000.\0002\000.\0003\000.\0001\000\040\000g\000e\000n\000e\000r\000a\000t\000e\000\050\000\051}{subsection.5.2.3}% 25
\BOOKMARK [2][-]{subsection.5.2.4}{\376\377\0005\000.\0002\000.\0004\000\040\004\024\004\060\004\075\004\075\004\113\004\065\000\040\004\072\004\073\004\060\004\101\004\101\004\060}{section.5.2}% 26
\BOOKMARK [3][-]{subsubsection.5.2.4.1}{\376\377\0005\000.\0002\000.\0004\000.\0001\000\040\000s\000e\000e\000d}{subsection.5.2.4}% 27
\BOOKMARK [1][-]{section.5.3}{\376\377\0005\000.\0003\000\040\004\032\004\073\004\060\004\101\004\101\000\040\000m\000u\000l\000\137\000x\000o\000r\000\137\000P\000R\000N\000G}{chapter.5}% 28
\BOOKMARK [2][-]{subsection.5.3.1}{\376\377\0005\000.\0003\000.\0001\000\040\004\037\004\076\004\064\004\100\004\076\004\061\004\075\004\076\004\065\000\040\004\076\004\077\004\070\004\101\004\060\004\075\004\070\004\065}{section.5.3}% 29
\BOOKMARK [2][-]{subsection.5.3.2}{\376\377\0005\000.\0003\000.\0002\000\040\004\032\004\076\004\075\004\101\004\102\004\100\004\103\004\072\004\102\004\076\004\100\000\050\004\113\000\051}{section.5.3}% 30
\BOOKMARK [3][-]{subsubsection.5.3.2.1}{\376\377\0005\000.\0003\000.\0002\000.\0001\000\040\000m\000u\000l\000\137\000x\000o\000r\000\137\000P\000R\000N\000G\000\050\000\051}{subsection.5.3.2}% 31
\BOOKMARK [2][-]{subsection.5.3.3}{\376\377\0005\000.\0003\000.\0003\000\040\004\034\004\065\004\102\004\076\004\064\004\113}{section.5.3}% 32
\BOOKMARK [3][-]{subsubsection.5.3.3.1}{\376\377\0005\000.\0003\000.\0003\000.\0001\000\040\000g\000e\000n\000e\000r\000a\000t\000e\000\050\000\051}{subsection.5.3.3}% 33
\BOOKMARK [2][-]{subsection.5.3.4}{\376\377\0005\000.\0003\000.\0004\000\040\004\024\004\060\004\075\004\075\004\113\004\065\000\040\004\072\004\073\004\060\004\101\004\101\004\060}{section.5.3}% 34
\BOOKMARK [3][-]{subsubsection.5.3.4.1}{\376\377\0005\000.\0003\000.\0004\000.\0001\000\040\000s\000e\000e\000d}{subsection.5.3.4}% 35
\BOOKMARK [1][-]{section.5.4}{\376\377\0005\000.\0004\000\040\004\032\004\073\004\060\004\101\004\101\000\040\000P\000R\000N\000G}{chapter.5}% 36
\BOOKMARK [2][-]{subsection.5.4.1}{\376\377\0005\000.\0004\000.\0001\000\040\004\037\004\076\004\064\004\100\004\076\004\061\004\075\004\076\004\065\000\040\004\076\004\077\004\070\004\101\004\060\004\075\004\070\004\065}{section.5.4}% 37
\BOOKMARK [2][-]{subsection.5.4.2}{\376\377\0005\000.\0004\000.\0002\000\040\004\032\004\076\004\075\004\101\004\102\004\100\004\103\004\072\004\102\004\076\004\100\000\050\004\113\000\051}{section.5.4}% 38
\BOOKMARK [3][-]{subsubsection.5.4.2.1}{\376\377\0005\000.\0004\000.\0002\000.\0001\000\040\000P\000R\000N\000G\000\050\000\051}{subsection.5.4.2}% 39
\BOOKMARK [2][-]{subsection.5.4.3}{\376\377\0005\000.\0004\000.\0003\000\040\004\034\004\065\004\102\004\076\004\064\004\113}{section.5.4}% 40
\BOOKMARK [3][-]{subsubsection.5.4.3.1}{\376\377\0005\000.\0004\000.\0003\000.\0001\000\040\000g\000e\000n\000e\000r\000a\000t\000e\000\050\000\051}{subsection.5.4.3}% 41
\BOOKMARK [3][-]{subsubsection.5.4.3.2}{\376\377\0005\000.\0004\000.\0003\000.\0002\000\040\000g\000e\000n\000e\000r\000a\000t\000e\000\137\000s\000a\000m\000p\000l\000e\000\050\000\051}{subsection.5.4.3}% 42
\BOOKMARK [3][-]{subsubsection.5.4.3.3}{\376\377\0005\000.\0004\000.\0003\000.\0003\000\040\000r\000e\000s\000u\000l\000t\000\050\000\051}{subsection.5.4.3}% 43
\BOOKMARK [2][-]{subsection.5.4.4}{\376\377\0005\000.\0004\000.\0004\000\040\004\024\004\060\004\075\004\075\004\113\004\065\000\040\004\072\004\073\004\060\004\101\004\101\004\060}{section.5.4}% 44
\BOOKMARK [3][-]{subsubsection.5.4.4.1}{\376\377\0005\000.\0004\000.\0004\000.\0001\000\040\000m\000a\000x\000\137\000l\000i\000m}{subsection.5.4.4}% 45
\BOOKMARK [3][-]{subsubsection.5.4.4.2}{\376\377\0005\000.\0004\000.\0004\000.\0002\000\040\000m\000i\000n\000\137\000l\000i\000m}{subsection.5.4.4}% 46
\BOOKMARK [0][-]{chapter.6}{\376\377\0006\000\040\004\044\004\060\004\071\004\073\004\113}{}% 47
\BOOKMARK [1][-]{section.6.1}{\376\377\0006\000.\0001\000\040\004\044\004\060\004\071\004\073\000\040\000c\000r\000e\000a\000t\000e\000\137\000s\000a\000m\000p\000l\000e\000s\000.\000c\000p\000p}{chapter.6}% 48
\BOOKMARK [2][-]{subsection.6.1.1}{\376\377\0006\000.\0001\000.\0001\000\040\004\037\004\076\004\064\004\100\004\076\004\061\004\075\004\076\004\065\000\040\004\076\004\077\004\070\004\101\004\060\004\075\004\070\004\065}{section.6.1}% 49
\BOOKMARK [2][-]{subsection.6.1.2}{\376\377\0006\000.\0001\000.\0002\000\040\004\044\004\103\004\075\004\072\004\106\004\070\004\070}{section.6.1}% 50
\BOOKMARK [3][-]{subsubsection.6.1.2.1}{\376\377\0006\000.\0001\000.\0002\000.\0001\000\040\000c\000r\000e\000a\000t\000e\000\137\000s\000a\000m\000p\000l\000e\000s\000\050\000\051}{subsection.6.1.2}% 51
\BOOKMARK [3][-]{subsubsection.6.1.2.2}{\376\377\0006\000.\0001\000.\0002\000.\0002\000\040\000m\000a\000i\000n\000\050\000\051}{subsection.6.1.2}% 52
\BOOKMARK [1][-]{section.6.2}{\376\377\0006\000.\0002\000\040\000c\000r\000e\000a\000t\000e\000\137\000s\000a\000m\000p\000l\000e\000s\000.\000c\000p\000p}{chapter.6}% 53
\BOOKMARK [1][-]{section.6.3}{\376\377\0006\000.\0003\000\040\004\044\004\060\004\071\004\073\000\040\000g\000e\000t\000\137\000r\000e\000s\000u\000l\000t\000s\000.\000c\000p\000p}{chapter.6}% 54
\BOOKMARK [2][-]{subsection.6.3.1}{\376\377\0006\000.\0003\000.\0001\000\040\004\037\004\076\004\064\004\100\004\076\004\061\004\075\004\076\004\065\000\040\004\076\004\077\004\070\004\101\004\060\004\075\004\070\004\065}{section.6.3}% 55
\BOOKMARK [2][-]{subsection.6.3.2}{\376\377\0006\000.\0003\000.\0002\000\040\004\044\004\103\004\075\004\072\004\106\004\070\004\070}{section.6.3}% 56
\BOOKMARK [3][-]{subsubsection.6.3.2.1}{\376\377\0006\000.\0003\000.\0002\000.\0001\000\040\000m\000a\000i\000n\000\050\000\051}{subsection.6.3.2}% 57
\BOOKMARK [3][-]{subsubsection.6.3.2.2}{\376\377\0006\000.\0003\000.\0002\000.\0002\000\040\000p\000r\000o\000c\000e\000s\000s\000\137\000s\000a\000m\000p\000l\000e\000\050\000\051}{subsection.6.3.2}% 58
\BOOKMARK [1][-]{section.6.4}{\376\377\0006\000.\0004\000\040\000g\000e\000t\000\137\000r\000e\000s\000u\000l\000t\000s\000.\000c\000p\000p}{chapter.6}% 59
\BOOKMARK [1][-]{section.6.5}{\376\377\0006\000.\0005\000\040\004\044\004\060\004\071\004\073\000\040\000i\000n\000c\000l\000u\000d\000e\000/\000d\000e\000f\000s\000.\000h}{chapter.6}% 60
\BOOKMARK [2][-]{subsection.6.5.1}{\376\377\0006\000.\0005\000.\0001\000\040\004\037\004\076\004\064\004\100\004\076\004\061\004\075\004\076\004\065\000\040\004\076\004\077\004\070\004\101\004\060\004\075\004\070\004\065}{section.6.5}% 61
\BOOKMARK [2][-]{subsection.6.5.2}{\376\377\0006\000.\0005\000.\0002\000\040\004\034\004\060\004\072\004\100\004\076\004\101\004\113}{section.6.5}% 62
\BOOKMARK [3][-]{subsubsection.6.5.2.1}{\376\377\0006\000.\0005\000.\0002\000.\0001\000\040\000A\000L\000P\000H\000A}{subsection.6.5.2}% 63
\BOOKMARK [3][-]{subsubsection.6.5.2.2}{\376\377\0006\000.\0005\000.\0002\000.\0002\000\040\000A\000P\000\137\000E\000N\000T\000R\000O\000P\000Y\000\137\000M}{subsection.6.5.2}% 64
\BOOKMARK [3][-]{subsubsection.6.5.2.3}{\376\377\0006\000.\0005\000.\0002\000.\0003\000\040\000M\000A\000X\000\137\000L\000I\000M}{subsection.6.5.2}% 65
\BOOKMARK [3][-]{subsubsection.6.5.2.4}{\376\377\0006\000.\0005\000.\0002\000.\0004\000\040\000M\000I\000N\000\137\000L\000I\000M}{subsection.6.5.2}% 66
\BOOKMARK [3][-]{subsubsection.6.5.2.5}{\376\377\0006\000.\0005\000.\0002\000.\0005\000\040\000S\000A\000M\000P\000L\000E\000S\000\137\000D\000I\000R}{subsection.6.5.2}% 67
\BOOKMARK [3][-]{subsubsection.6.5.2.6}{\376\377\0006\000.\0005\000.\0002\000.\0006\000\040\000S\000E\000R\000I\000A\000L\000\137\000M}{subsection.6.5.2}% 68
\BOOKMARK [1][-]{section.6.6}{\376\377\0006\000.\0006\000\040\000d\000e\000f\000s\000.\000h}{chapter.6}% 69
\BOOKMARK [1][-]{section.6.7}{\376\377\0006\000.\0007\000\040\000c\000e\000p\000h\000e\000s\000.\000h}{chapter.6}% 70
\BOOKMARK [1][-]{section.6.8}{\376\377\0006\000.\0008\000\040\004\044\004\060\004\071\004\073\000\040\000i\000n\000c\000l\000u\000d\000e\000/\000p\000r\000n\000g\000.\000h}{chapter.6}% 71
\BOOKMARK [2][-]{subsection.6.8.1}{\376\377\0006\000.\0008\000.\0001\000\040\004\037\004\076\004\064\004\100\004\076\004\061\004\075\004\076\004\065\000\040\004\076\004\077\004\070\004\101\004\060\004\075\004\070\004\065}{section.6.8}% 72
\BOOKMARK [1][-]{section.6.9}{\376\377\0006\000.\0009\000\040\000p\000r\000n\000g\000.\000h}{chapter.6}% 73
\BOOKMARK [1][-]{section.6.10}{\376\377\0006\000.\0001\0000\000\040\004\044\004\060\004\071\004\073\000\040\000i\000n\000c\000l\000u\000d\000e\000/\000t\000e\000s\000t\000s\000.\000h}{chapter.6}% 74
\BOOKMARK [2][-]{subsection.6.10.1}{\376\377\0006\000.\0001\0000\000.\0001\000\040\004\037\004\076\004\064\004\100\004\076\004\061\004\075\004\076\004\065\000\040\004\076\004\077\004\070\004\101\004\060\004\075\004\070\004\065}{section.6.10}% 75
\BOOKMARK [2][-]{subsection.6.10.2}{\376\377\0006\000.\0001\0000\000.\0002\000\040\004\044\004\103\004\075\004\072\004\106\004\070\004\070}{section.6.10}% 76
\BOOKMARK [3][-]{subsubsection.6.10.2.1}{\376\377\0006\000.\0001\0000\000.\0002\000.\0001\000\040\000g\000e\000t\000\137\000a\000p\000E\000n\000\050\000\051}{subsection.6.10.2}% 77
\BOOKMARK [3][-]{subsubsection.6.10.2.2}{\376\377\0006\000.\0001\0000\000.\0002\000.\0002\000\040\000g\000e\000t\000\137\000c\000h\000i\0002\000\050\000\051}{subsection.6.10.2}% 78
\BOOKMARK [3][-]{subsubsection.6.10.2.3}{\376\377\0006\000.\0001\0000\000.\0002\000.\0003\000\040\000g\000e\000t\000\137\000c\000v\000\050\000\051}{subsection.6.10.2}% 79
\BOOKMARK [3][-]{subsubsection.6.10.2.4}{\376\377\0006\000.\0001\0000\000.\0002\000.\0004\000\040\000g\000e\000t\000\137\000m\000e\000a\000n\000\050\000\051}{subsection.6.10.2}% 80
\BOOKMARK [3][-]{subsubsection.6.10.2.5}{\376\377\0006\000.\0001\0000\000.\0002\000.\0005\000\040\000g\000e\000t\000\137\000p\000a\000t\000t\000e\000r\000n\000\137\000c\000o\000u\000n\000t\000s\000\050\000\051}{subsection.6.10.2}% 81
\BOOKMARK [3][-]{subsubsection.6.10.2.6}{\376\377\0006\000.\0001\0000\000.\0002\000.\0006\000\040\000g\000e\000t\000\137\000p\000s\000i\0002\000\050\000\051}{subsection.6.10.2}% 82
\BOOKMARK [3][-]{subsubsection.6.10.2.7}{\376\377\0006\000.\0001\0000\000.\0002\000.\0007\000\040\000g\000e\000t\000\137\000s\000t\000d\000D\000e\000v\000\050\000\051}{subsection.6.10.2}% 83
\BOOKMARK [3][-]{subsubsection.6.10.2.8}{\376\377\0006\000.\0001\0000\000.\0002\000.\0008\000\040\000n\000i\000s\000t\000\137\000a\000p\000E\000n\000t\000r\000o\000p\000y\000\050\000\051}{subsection.6.10.2}% 84
\BOOKMARK [3][-]{subsubsection.6.10.2.9}{\376\377\0006\000.\0001\0000\000.\0002\000.\0009\000\040\000n\000i\000s\000t\000\137\000c\000u\000s\000u\000m\000\050\000\051}{subsection.6.10.2}% 85
\BOOKMARK [3][-]{subsubsection.6.10.2.10}{\376\377\0006\000.\0001\0000\000.\0002\000.\0001\0000\000\040\000n\000i\000s\000t\000\137\000f\000r\000e\000q\000u\000e\000n\000c\000y\000\050\000\051}{subsection.6.10.2}% 86
\BOOKMARK [3][-]{subsubsection.6.10.2.11}{\376\377\0006\000.\0001\0000\000.\0002\000.\0001\0001\000\040\000n\000i\000s\000t\000\137\000r\000u\000n\000s\000\050\000\051}{subsection.6.10.2}% 87
\BOOKMARK [3][-]{subsubsection.6.10.2.12}{\376\377\0006\000.\0001\0000\000.\0002\000.\0001\0002\000\040\000n\000i\000s\000t\000\137\000s\000e\000r\000i\000a\000l\000\050\000\051}{subsection.6.10.2}% 88
\BOOKMARK [3][-]{subsubsection.6.10.2.13}{\376\377\0006\000.\0001\0000\000.\0002\000.\0001\0003\000\040\000s\000a\000m\000p\000l\000e\000\137\000t\000o\000\137\000b\000i\000t\000\137\000s\000e\000q\000u\000e\000n\000c\000e\000\050\000\051}{subsection.6.10.2}% 89
\BOOKMARK [1][-]{section.6.11}{\376\377\0006\000.\0001\0001\000\040\000t\000e\000s\000t\000s\000.\000h}{chapter.6}% 90
\BOOKMARK [1][-]{section.6.12}{\376\377\0006\000.\0001\0002\000\040\000c\000e\000p\000h\000e\000s\000.\000c\000p\000p}{chapter.6}% 91
\BOOKMARK [1][-]{section.6.13}{\376\377\0006\000.\0001\0003\000\040\004\044\004\060\004\071\004\073\000\040\000s\000r\000c\000/\000n\000i\000s\000t\000\137\000f\000u\000n\000c\000s\000.\000c\000p\000p}{chapter.6}% 92
\BOOKMARK [2][-]{subsection.6.13.1}{\376\377\0006\000.\0001\0003\000.\0001\000\040\004\037\004\076\004\064\004\100\004\076\004\061\004\075\004\076\004\065\000\040\004\076\004\077\004\070\004\101\004\060\004\075\004\070\004\065}{section.6.13}% 93
\BOOKMARK [2][-]{subsection.6.13.2}{\376\377\0006\000.\0001\0003\000.\0002\000\040\004\044\004\103\004\075\004\072\004\106\004\070\004\070}{section.6.13}% 94
\BOOKMARK [3][-]{subsubsection.6.13.2.1}{\376\377\0006\000.\0001\0003\000.\0002\000.\0001\000\040\000g\000e\000t\000\137\000a\000p\000E\000n\000\050\000\051}{subsection.6.13.2}% 95
\BOOKMARK [3][-]{subsubsection.6.13.2.2}{\376\377\0006\000.\0001\0003\000.\0002\000.\0002\000\040\000g\000e\000t\000\137\000p\000a\000t\000t\000e\000r\000n\000\137\000c\000o\000u\000n\000t\000s\000\050\000\051}{subsection.6.13.2}% 96
\BOOKMARK [3][-]{subsubsection.6.13.2.3}{\376\377\0006\000.\0001\0003\000.\0002\000.\0003\000\040\000g\000e\000t\000\137\000p\000s\000i\0002\000\050\000\051}{subsection.6.13.2}% 97
\BOOKMARK [3][-]{subsubsection.6.13.2.4}{\376\377\0006\000.\0001\0003\000.\0002\000.\0004\000\040\000s\000a\000m\000p\000l\000e\000\137\000t\000o\000\137\000b\000i\000t\000\137\000s\000e\000q\000u\000e\000n\000c\000e\000\050\000\051}{subsection.6.13.2}% 98
\BOOKMARK [1][-]{section.6.14}{\376\377\0006\000.\0001\0004\000\040\000n\000i\000s\000t\000\137\000f\000u\000n\000c\000s\000.\000c\000p\000p}{chapter.6}% 99
\BOOKMARK [1][-]{section.6.15}{\376\377\0006\000.\0001\0005\000\040\004\044\004\060\004\071\004\073\000\040\000s\000r\000c\000/\000n\000i\000s\000t\000\137\000t\000e\000s\000t\000s\000.\000c\000p\000p}{chapter.6}% 100
\BOOKMARK [2][-]{subsection.6.15.1}{\376\377\0006\000.\0001\0005\000.\0001\000\040\004\037\004\076\004\064\004\100\004\076\004\061\004\075\004\076\004\065\000\040\004\076\004\077\004\070\004\101\004\060\004\075\004\070\004\065}{section.6.15}% 101
\BOOKMARK [2][-]{subsection.6.15.2}{\376\377\0006\000.\0001\0005\000.\0002\000\040\004\044\004\103\004\075\004\072\004\106\004\070\004\070}{section.6.15}% 102
\BOOKMARK [3][-]{subsubsection.6.15.2.1}{\376\377\0006\000.\0001\0005\000.\0002\000.\0001\000\040\000n\000i\000s\000t\000\137\000a\000p\000E\000n\000t\000r\000o\000p\000y\000\050\000\051}{subsection.6.15.2}% 103
\BOOKMARK [3][-]{subsubsection.6.15.2.2}{\376\377\0006\000.\0001\0005\000.\0002\000.\0002\000\040\000n\000i\000s\000t\000\137\000c\000u\000s\000u\000m\000\050\000\051}{subsection.6.15.2}% 104
\BOOKMARK [3][-]{subsubsection.6.15.2.3}{\376\377\0006\000.\0001\0005\000.\0002\000.\0003\000\040\000n\000i\000s\000t\000\137\000f\000r\000e\000q\000u\000e\000n\000c\000y\000\050\000\051}{subsection.6.15.2}% 105
\BOOKMARK [3][-]{subsubsection.6.15.2.4}{\376\377\0006\000.\0001\0005\000.\0002\000.\0004\000\040\000n\000i\000s\000t\000\137\000r\000u\000n\000s\000\050\000\051}{subsection.6.15.2}% 106
\BOOKMARK [3][-]{subsubsection.6.15.2.5}{\376\377\0006\000.\0001\0005\000.\0002\000.\0005\000\040\000n\000i\000s\000t\000\137\000s\000e\000r\000i\000a\000l\000\050\000\051}{subsection.6.15.2}% 107
\BOOKMARK [1][-]{section.6.16}{\376\377\0006\000.\0001\0006\000\040\000n\000i\000s\000t\000\137\000t\000e\000s\000t\000s\000.\000c\000p\000p}{chapter.6}% 108
\BOOKMARK [1][-]{section.6.17}{\376\377\0006\000.\0001\0007\000\040\004\044\004\060\004\071\004\073\000\040\000s\000r\000c\000/\000p\000r\000n\000g\000.\000c\000p\000p}{chapter.6}% 109
\BOOKMARK [2][-]{subsection.6.17.1}{\376\377\0006\000.\0001\0007\000.\0001\000\040\004\037\004\076\004\064\004\100\004\076\004\061\004\075\004\076\004\065\000\040\004\076\004\077\004\070\004\101\004\060\004\075\004\070\004\065}{section.6.17}% 110
\BOOKMARK [1][-]{section.6.18}{\376\377\0006\000.\0001\0008\000\040\000p\000r\000n\000g\000.\000c\000p\000p}{chapter.6}% 111
\BOOKMARK [1][-]{section.6.19}{\376\377\0006\000.\0001\0009\000\040\004\044\004\060\004\071\004\073\000\040\000s\000r\000c\000/\000t\000e\000s\000t\000s\000.\000c\000p\000p}{chapter.6}% 112
\BOOKMARK [2][-]{subsection.6.19.1}{\376\377\0006\000.\0001\0009\000.\0001\000\040\004\037\004\076\004\064\004\100\004\076\004\061\004\075\004\076\004\065\000\040\004\076\004\077\004\070\004\101\004\060\004\075\004\070\004\065}{section.6.19}% 113
\BOOKMARK [2][-]{subsection.6.19.2}{\376\377\0006\000.\0001\0009\000.\0002\000\040\004\044\004\103\004\075\004\072\004\106\004\070\004\070}{section.6.19}% 114
\BOOKMARK [3][-]{subsubsection.6.19.2.1}{\376\377\0006\000.\0001\0009\000.\0002\000.\0001\000\040\000g\000e\000t\000\137\000c\000h\000i\0002\000\050\000\051}{subsection.6.19.2}% 115
\BOOKMARK [3][-]{subsubsection.6.19.2.2}{\376\377\0006\000.\0001\0009\000.\0002\000.\0002\000\040\000g\000e\000t\000\137\000c\000v\000\050\000\051}{subsection.6.19.2}% 116
\BOOKMARK [3][-]{subsubsection.6.19.2.3}{\376\377\0006\000.\0001\0009\000.\0002\000.\0003\000\040\000g\000e\000t\000\137\000m\000e\000a\000n\000\050\000\051}{subsection.6.19.2}% 117
\BOOKMARK [3][-]{subsubsection.6.19.2.4}{\376\377\0006\000.\0001\0009\000.\0002\000.\0004\000\040\000g\000e\000t\000\137\000s\000t\000d\000D\000e\000v\000\050\000\051}{subsection.6.19.2}% 118
\BOOKMARK [1][-]{section.6.20}{\376\377\0006\000.\0002\0000\000\040\000t\000e\000s\000t\000s\000.\000c\000p\000p}{chapter.6}% 119
\BOOKMARK [1][-]{section.6.21}{\376\377\0006\000.\0002\0001\000\040\004\044\004\060\004\071\004\073\000\040\000t\000i\000m\000e\000\137\000c\000h\000e\000c\000k\000.\000c\000p\000p}{chapter.6}% 120
\BOOKMARK [2][-]{subsection.6.21.1}{\376\377\0006\000.\0002\0001\000.\0001\000\040\004\037\004\076\004\064\004\100\004\076\004\061\004\075\004\076\004\065\000\040\004\076\004\077\004\070\004\101\004\060\004\075\004\070\004\065}{section.6.21}% 121
\BOOKMARK [2][-]{subsection.6.21.2}{\376\377\0006\000.\0002\0001\000.\0002\000\040\004\044\004\103\004\075\004\072\004\106\004\070\004\070}{section.6.21}% 122
\BOOKMARK [3][-]{subsubsection.6.21.2.1}{\376\377\0006\000.\0002\0001\000.\0002\000.\0001\000\040\000c\000h\000e\000c\000k\000\137\000t\000i\000m\000e\000\050\000\051}{subsection.6.21.2}% 123
\BOOKMARK [3][-]{subsubsection.6.21.2.2}{\376\377\0006\000.\0002\0001\000.\0002\000.\0002\000\040\000m\000a\000i\000n\000\050\000\051}{subsection.6.21.2}% 124
\BOOKMARK [1][-]{section.6.22}{\376\377\0006\000.\0002\0002\000\040\000t\000i\000m\000e\000\137\000c\000h\000e\000c\000k\000.\000c\000p\000p}{chapter.6}% 125
\BOOKMARK [1][-]{section.6.23}{\376\377\0006\000.\0002\0003\000\040\000t\000i\000m\000e\000\137\000g\000r\000a\000p\000h\000.\000p\000y}{chapter.6}% 126
\BOOKMARK [0][-]{section*.35}{\376\377\004\037\004\100\004\065\004\064\004\074\004\065\004\102\004\075\004\113\004\071\000\040\004\103\004\072\004\060\004\067\004\060\004\102\004\065\004\073\004\114}{}% 127
